<?xml version="1.0" encoding="UTF-8"?>
<testng-results skipped="0" failed="0" ignored="0" total="1" passed="1">
  <reporter-output>
  </reporter-output>
  <suite name="Suite" duration-ms="237" started-at="2019-04-07T06:25:56Z" finished-at="2019-04-07T06:25:56Z">
    <groups>
    </groups>
    <test name="Test" duration-ms="237" started-at="2019-04-07T06:25:56Z" finished-at="2019-04-07T06:25:56Z">
      <class name="FirstMavanPackage.FirstTestNGClass">
        <test-method status="PASS" signature="f()[pri:0, instance:FirstMavanPackage.FirstTestNGClass@34ce8af7]" name="f" duration-ms="44" started-at="2019-04-07T06:25:56Z" finished-at="2019-04-07T06:25:56Z">
          <reporter-output>
          </reporter-output>
        </test-method> <!-- f -->
      </class> <!-- FirstMavanPackage.FirstTestNGClass -->
    </test> <!-- Test -->
  </suite> <!-- Suite -->
</testng-results>
