<?xml version="1.0" encoding="UTF-8"?>
<testng-results skipped="0" failed="0" ignored="0" total="1" passed="1">
  <reporter-output>
  </reporter-output>
  <suite name="Default suite" duration-ms="126" started-at="2019-04-07T05:46:30Z" finished-at="2019-04-07T05:46:30Z">
    <groups>
    </groups>
    <test name="Default test" duration-ms="126" started-at="2019-04-07T05:46:30Z" finished-at="2019-04-07T05:46:30Z">
      <class name="FirstMavanPackage.FirstTestNGClass">
        <test-method status="PASS" signature="f()[pri:0, instance:FirstMavanPackage.FirstTestNGClass@48eff760]" name="f" duration-ms="32" started-at="2019-04-07T05:46:30Z" finished-at="2019-04-07T05:46:30Z">
          <reporter-output>
          </reporter-output>
        </test-method> <!-- f -->
      </class> <!-- FirstMavanPackage.FirstTestNGClass -->
    </test> <!-- Default test -->
  </suite> <!-- Default suite -->
</testng-results>
